unit: 0.026490066225165563
leverage: 100
init capital: 150.0
max loss: 260.0
need prepare capital: 410.0
init value: (468.78345713, 5722.63387101)
mode Exponent
DELAYED
close 0 0
==========regrid=========
upper 38950.69
lower 36950.69
start_price 37950.69
LIVE
2022-01-26 19:02:38.345999, LIVE DATA - Ready to trade
execute sell 5.495116242667405 38642.32 37950.69
2022-01-26 19:02:40.272995, 已卖出, 价格: 0.00,总价:0.00  佣金 0.00 持仓 -0.14 持仓价格: 38649.44
2022-01-26 19:02:40.272995, 已卖出, 价格: 0.00,总价:0.00  佣金 0.00 持仓 -0.14 持仓价格: 38649.44
execute buy 5.495116242667405 38440.85
2022-01-26 19:03:37.296997, 已买入, 价格: 0.00,总价:0.00  佣金 0.00 持仓 0.00 持仓价格: 0.00
2022-01-26 19:03:37.296997, 已买入, 价格: 0.00,总价:0.00  佣金 0.00 持仓 0.00 持仓价格: 0.00
